\BOOKMARK [1][-]{section.1}{\376\377\000N\000o\000t\000a\000t\000i\000o\000n}{}% 1
\BOOKMARK [1][-]{section.2}{\376\377\000B\000M\000O\000\040\0001}{}% 2
\BOOKMARK [2][-]{subsection.2.1}{\376\377\0001\0009\0009\0009\000\040\000-\000\040\0002\0000\0000\0000}{section.2}% 3
\BOOKMARK [3][-]{subsubsection.2.1.1}{\376\377\000Q\000u\000e\000s\000t\000i\000o\000n\000\040\0002}{subsection.2.1}% 4
\BOOKMARK [3][-]{subsubsection.2.1.2}{\376\377\000Q\000u\000e\000s\000t\000i\000o\000n\000\040\0003}{subsection.2.1}% 5
\BOOKMARK [3][-]{subsubsection.2.1.3}{\376\377\000Q\000u\000e\000s\000t\000i\000o\000n\000\040\0004}{subsection.2.1}% 6
\BOOKMARK [3][-]{subsubsection.2.1.4}{\376\377\000Q\000u\000e\000s\000t\000i\000o\000n\000\040\0005}{subsection.2.1}% 7
\BOOKMARK [2][-]{subsection.2.2}{\376\377\0002\0000\0000\0000\000\040\000-\000\040\0002\0000\0000\0001}{section.2}% 8
\BOOKMARK [3][-]{subsubsection.2.2.1}{\376\377\000Q\000u\000e\000s\000t\000i\000o\000n\000\040\0001}{subsection.2.2}% 9
\BOOKMARK [3][-]{subsubsection.2.2.2}{\376\377\000Q\000u\000e\000s\000t\000i\000o\000n\000\040\0003}{subsection.2.2}% 10
\BOOKMARK [3][-]{subsubsection.2.2.3}{\376\377\000Q\000u\000e\000s\000t\000i\000o\000n\000\040\0004}{subsection.2.2}% 11
\BOOKMARK [3][-]{subsubsection.2.2.4}{\376\377\000Q\000u\000e\000s\000t\000i\000o\000n\000\040\0005}{subsection.2.2}% 12
\BOOKMARK [2][-]{subsection.2.3}{\376\377\0002\0000\0000\0001\000\040\000-\000\040\0002\0000\0000\0002}{section.2}% 13
\BOOKMARK [3][-]{subsubsection.2.3.1}{\376\377\000Q\000u\000e\000s\000t\000i\000o\000n\000\040\0001}{subsection.2.3}% 14
\BOOKMARK [3][-]{subsubsection.2.3.2}{\376\377\000Q\000u\000e\000s\000t\000i\000o\000n\000\040\0003}{subsection.2.3}% 15
\BOOKMARK [3][-]{subsubsection.2.3.3}{\376\377\000Q\000u\000e\000s\000t\000i\000o\000n\000\040\0004}{subsection.2.3}% 16
\BOOKMARK [3][-]{subsubsection.2.3.4}{\376\377\000Q\000u\000e\000s\000t\000i\000o\000n\000\040\0005}{subsection.2.3}% 17
\BOOKMARK [2][-]{subsection.2.4}{\376\377\0002\0000\0000\0002\000\040\000-\000\040\0002\0000\0000\0003}{section.2}% 18
\BOOKMARK [3][-]{subsubsection.2.4.1}{\376\377\000Q\000u\000e\000s\000t\000i\000o\000n\000\040\0003}{subsection.2.4}% 19
\BOOKMARK [3][-]{subsubsection.2.4.2}{\376\377\000Q\000u\000e\000s\000t\000i\000o\000n\000\040\0004}{subsection.2.4}% 20
\BOOKMARK [3][-]{subsubsection.2.4.3}{\376\377\000Q\000u\000e\000s\000t\000i\000o\000n\000\040\0005}{subsection.2.4}% 21
\BOOKMARK [1][-]{section.3}{\376\377\000B\000M\000O\000\040\0002}{}% 22
\BOOKMARK [2][-]{subsection.3.1}{\376\377\0001\0009\0009\0009\000\040\000-\000\040\0002\0000\0000\0000}{section.3}% 23
\BOOKMARK [3][-]{subsubsection.3.1.1}{\376\377\000Q\000u\000e\000s\000t\000i\000o\000n\000\040\0002}{subsection.3.1}% 24
\BOOKMARK [3][-]{subsubsection.3.1.2}{\376\377\000Q\000u\000e\000s\000t\000i\000o\000n\000\040\0003}{subsection.3.1}% 25
\BOOKMARK [3][-]{subsubsection.3.1.3}{\376\377\000Q\000u\000e\000s\000t\000i\000o\000n\000\040\0004}{subsection.3.1}% 26
\BOOKMARK [2][-]{subsection.3.2}{\376\377\0002\0000\0000\0000\000-\0002\0000\0000\0001}{section.3}% 27
\BOOKMARK [3][-]{subsubsection.3.2.1}{\376\377\000Q\000u\000e\000s\000t\000i\000o\000n\000\040\0001}{subsection.3.2}% 28
\BOOKMARK [3][-]{subsubsection.3.2.2}{\376\377\000Q\000u\000e\000s\000t\000i\000o\000n\000\040\0002}{subsection.3.2}% 29
\BOOKMARK [3][-]{subsubsection.3.2.3}{\376\377\000Q\000u\000e\000s\000t\000i\000o\000n\000\040\0004}{subsection.3.2}% 30
